<?xml version="1.0" encoding="UTF-8"?>
<!-- Generated by org.testng.reporters.JUnitXMLReporter -->
<testsuite ignored="0" hostname="MuzammilLaptop" failures="1" tests="20" name="Functional Test" time="33.562" errors="0" timestamp="2023-02-05T16:07:53 IST">
  <testcase classname="basic_cal.division" name="setup" time="2.556"/>
  <testcase classname="basic_cal.division" name="division_TC_01" time="1.073"/>
  <testcase classname="basic_cal.division" name="division_TC_02" time="0.541"/>
  <testcase classname="basic_cal.division" name="division_TC_03" time="0.866">
    <failure type="java.lang.AssertionError" message="The following asserts failed:
	result is not matching expected [2.5] but found [2.50]">
      <![CDATA[java.lang.AssertionError: The following asserts failed:
result is not matching expected [2.5] but found [2.50]
at basic_cal.division.division_TC_03(division.java:110)
at java.base/java.util.ArrayList.forEach(ArrayList.java:1511)
... Removed 29 stack frames]]>
    </failure>
  </testcase> <!-- division_TC_03 -->
  <testcase classname="basic_cal.multiplication" name="setup" time="1.662"/>
  <testcase classname="basic_cal.multiplication" name="multiplication_TC_01" time="0.793"/>
  <testcase classname="basic_cal.multiplication" name="multiplication_TC_02" time="0.789"/>
  <testcase classname="basic_cal.multiplication" name="multiplication_TC_03" time="0.642"/>
  <testcase classname="basic_cal.addition" name="setup" time="2.675"/>
  <testcase classname="basic_cal.addition" name="addition_TC_01" time="0.819"/>
  <testcase classname="basic_cal.addition" name="addition_TC_02" time="0.542"/>
  <testcase classname="basic_cal.addition" name="addition_TC_03" time="0.609"/>
  <testcase classname="basic_cal.subtraction" name="setup" time="0.981"/>
  <testcase classname="basic_cal.subtraction" name="subtraction_TC_01" time="0.731"/>
  <testcase classname="basic_cal.subtraction" name="subtraction_TC_02" time="0.416"/>
  <testcase classname="basic_cal.subtraction" name="subtraction_TC_03" time="0.506"/>
  <testcase classname="basic_cal.modulos" name="setup" time="0.799"/>
  <testcase classname="basic_cal.modulos" name="modulos_TC_01" time="0.472"/>
  <testcase classname="basic_cal.modulos" name="modulos_TC_02" time="0.362"/>
  <testcase classname="basic_cal.modulos" name="modulos_TC_03" time="0.448"/>
</testsuite> <!-- Functional Test -->
